<?xml version="1.0" encoding="UTF-8"?>
<testsuite name="FizzBuzzTest" time="0" tests="4" errors="0" skipped="0" failures="0">
  <properties>
[...]
</properties>
  <testcase name="getFizzBuzzWord_NumberIsNotMultipleOfThreeOrFive_ShouldReturnNull" classname="FizzBuzzTest" time="0"/>
  <testcase name="getFizzBuzzWord_NumberIsMultipleOfThree_ShouldReturnFizz" classname="FizzBuzzTest" time="0"/>
  <testcase name="getFizzBuzzWord_NumberIsMultipleOfThreeAndFive_ShouldReturnFizzBuzz" classname="FizzBuzzTest" time="0"/>
  <testcase name="getFizzBuzzWord_NumberIsMultipleOfFive_ShouldReturnBuzz" classname="FizzBuzzTest" time="0"/>
</testsuite>